<?xml version="1.0" encoding="UTF-8"?>
<!-- Generated by org.testng.reporters.JUnitReportReporter -->
<testsuite hostname="LAPTOP-ICP884RE" failures="0" tests="2" name="Assgmnt.FrmwrkMag.Tests.CreateAcc" time="21.402" errors="0" timestamp="2023-01-31T23:27:32 IST" skipped="0">
  <testcase classname="Assgmnt.FrmwrkMag.Tests.CreateAcc" name="invalidAccData" time="10.079"/>
  <system-out/>
  <testcase classname="Assgmnt.FrmwrkMag.Tests.CreateAcc" name="createAccount" time="11.323"/>
  <system-out/>
</testsuite> <!-- Assgmnt.FrmwrkMag.Tests.CreateAcc -->
