<?xml version="1.0" encoding="UTF-8"?>
<!-- Generated by org.testng.reporters.JUnitReportReporter -->
<testsuite hostname="LAPTOP-ICP884RE" failures="0" tests="2" name="Assgmnt.FrmwrkMag.Tests.AppLogin" time="23.420" errors="0" timestamp="2023-02-17T00:00:47 IST" skipped="0">
  <testcase classname="Assgmnt.FrmwrkMag.Tests.AppLogin" name="invalidLogin" time="10.009"/>
  <system-out/>
  <testcase classname="Assgmnt.FrmwrkMag.Tests.AppLogin" name="appLogin" time="13.411"/>
  <system-out/>
</testsuite> <!-- Assgmnt.FrmwrkMag.Tests.AppLogin -->
